Downloading: thheller/shadow-cljs/2.8.52/shadow-cljs-2.8.52.pom from clojars
Downloading: binaryage/devtools/0.9.10/devtools-0.9.10.pom from clojars
Downloading: org/clojure/tools.cli/0.3.7/tools.cli-0.3.7.pom from central
Downloading: org/clojure/tools.reader/1.3.2/tools.reader-1.3.2.pom from central
Downloading: org/clojure/google-closure-library/0.0-20190213-2033d5d9/google-closure-library-0.0-20190213-2033d5d9.pom from central
Downloading: org/jboss/xnio/xnio-api/3.7.3.Final/xnio-api-3.7.3.Final.pom from central
Downloading: io/undertow/undertow-core/2.0.25.Final/undertow-core-2.0.25.Final.pom from central
Downloading: org/jboss/xnio/xnio-nio/3.7.3.Final/xnio-nio-3.7.3.Final.pom from central
Downloading: com/google/javascript/closure-compiler-unshaded/v20190819/closure-compiler-unshaded-v20190819.pom from central
Downloading: org/clojure/core.async/0.4.500/core.async-0.4.500.pom from central
Downloading: org/jboss/threads/jboss-threads/2.3.2.Final/jboss-threads-2.3.2.Final.pom from central
Downloading: binaryage/env-config/0.2.2/env-config-0.2.2.pom from clojars
Downloading: org/jboss/xnio/xnio-all/3.7.3.Final/xnio-all-3.7.3.Final.pom from central
Downloading: org/jboss/jboss-parent/20/jboss-parent-20.pom from central
Downloading: org/clojure/tools.analyzer.jvm/0.7.2/tools.analyzer.jvm-0.7.2.pom from central
Downloading: hawk/hawk/0.2.11/hawk-0.2.11.pom from clojars
Downloading: thheller/shadow-client/1.3.2/shadow-client-1.3.2.pom from clojars
Downloading: ring/ring-core/1.7.1/ring-core-1.7.1.pom from clojars
Downloading: thheller/shadow-util/0.7.0/shadow-util-0.7.0.pom from clojars
Downloading: hiccup/hiccup/1.0.5/hiccup-1.0.5.pom from clojars
Downloading: io/undertow/undertow-parent/2.0.25.Final/undertow-parent-2.0.25.Final.pom from central
Downloading: org/jboss/jboss-parent/35/jboss-parent-35.pom from central
Downloading: com/google/javascript/closure-compiler-main/v20190819/closure-compiler-main-v20190819.pom from central
Downloading: com/google/javascript/closure-compiler-parent/v20190819/closure-compiler-parent-v20190819.pom from central
Downloading: com/google/javascript/closure-compiler-externs/v20190819/closure-compiler-externs-v20190819.pom from central
Downloading: org/clojure/google-closure-library-third-party/0.0-20190213-2033d5d9/google-closure-library-third-party-0.0-20190213-2033d5d9.pom from central
Downloading: com/google/re2j/re2j/1.3/re2j-1.3.pom from central
Downloading: org/jboss/logging/jboss-logging/3.4.0.Final/jboss-logging-3.4.0.Final.pom from central
Downloading: org/wildfly/common/wildfly-common/1.3.0.Final/wildfly-common-1.3.0.Final.pom from central
Downloading: commons-fileupload/commons-fileupload/1.3.3/commons-fileupload-1.3.3.pom from central
Downloading: org/wildfly/client/wildfly-client-config/1.0.0.Final/wildfly-client-config-1.0.0.Final.pom from central
Downloading: ring/ring-codec/1.1.1/ring-codec-1.1.1.pom from clojars
Downloading: crypto-equality/crypto-equality/1.0.0/crypto-equality-1.0.0.pom from clojars
Downloading: crypto-random/crypto-random/1.2.0/crypto-random-1.2.0.pom from clojars
Downloading: org/jboss/jboss-parent/34/jboss-parent-34.pom from central
Downloading: org/jboss/jboss-parent/23/jboss-parent-23.pom from central
Downloading: org/jboss/jboss-parent/24/jboss-parent-24.pom from central
Downloading: fipp/fipp/0.6.18/fipp-0.6.18.pom from clojars
Downloading: com/bhauman/cljs-test-display/0.1.1/cljs-test-display-0.1.1.pom from clojars
Downloading: thheller/shadow-cljsjs/0.0.20/shadow-cljsjs-0.0.20.pom from clojars
Downloading: net/incongru/watchservice/barbary-watchservice/1.0/barbary-watchservice-1.0.pom from central
Downloading: org/clojure/core.rrb-vector/0.0.14/core.rrb-vector-0.0.14.pom from central
Downloading: net/java/dev/jna/jna/3.2.2/jna-3.2.2.pom from central
Downloading: com/google/errorprone/error_prone_annotations/2.3.1/error_prone_annotations-2.3.1.jar from central
Downloading: commons-fileupload/commons-fileupload/1.3.3/commons-fileupload-1.3.3.jar from central
Downloading: org/jboss/logging/jboss-logging/3.4.0.Final/jboss-logging-3.4.0.Final.jar from central
Downloading: org/clojure/google-closure-library-third-party/0.0-20190213-2033d5d9/google-closure-library-third-party-0.0-20190213-2033d5d9.jar from central
Downloading: org/wildfly/common/wildfly-common/1.3.0.Final/wildfly-common-1.3.0.Final.jar from central
Downloading: org/clojure/tools.cli/0.3.7/tools.cli-0.3.7.jar from central
Downloading: org/clojure/tools.analyzer.jvm/0.7.2/tools.analyzer.jvm-0.7.2.jar from central
Downloading: hiccup/hiccup/1.0.5/hiccup-1.0.5.jar from clojars
Downloading: com/google/javascript/closure-compiler-externs/v20190819/closure-compiler-externs-v20190819.jar from central
Downloading: net/incongru/watchservice/barbary-watchservice/1.0/barbary-watchservice-1.0.jar from central
Downloading: org/jboss/xnio/xnio-nio/3.7.3.Final/xnio-nio-3.7.3.Final.jar from central
Downloading: org/jboss/threads/jboss-threads/2.3.2.Final/jboss-threads-2.3.2.Final.jar from central
Downloading: crypto-random/crypto-random/1.2.0/crypto-random-1.2.0.jar from clojars
Downloading: ring/ring-codec/1.1.1/ring-codec-1.1.1.jar from clojars
Downloading: org/clojure/core.rrb-vector/0.0.14/core.rrb-vector-0.0.14.jar from central
Downloading: org/wildfly/client/wildfly-client-config/1.0.0.Final/wildfly-client-config-1.0.0.Final.jar from central
Downloading: org/clojure/tools.reader/1.3.2/tools.reader-1.3.2.jar from central
Downloading: com/google/re2j/re2j/1.3/re2j-1.3.jar from central
Downloading: org/jboss/xnio/xnio-api/3.7.3.Final/xnio-api-3.7.3.Final.jar from central
Downloading: crypto-equality/crypto-equality/1.0.0/crypto-equality-1.0.0.jar from clojars
Downloading: net/java/dev/jna/jna/3.2.2/jna-3.2.2.jar from central
Downloading: com/google/javascript/closure-compiler-unshaded/v20190819/closure-compiler-unshaded-v20190819.jar from central
Downloading: hawk/hawk/0.2.11/hawk-0.2.11.jar from clojars
Downloading: ring/ring-core/1.7.1/ring-core-1.7.1.jar from clojars
Downloading: org/clojure/core.async/0.4.500/core.async-0.4.500.jar from central
Downloading: org/clojure/google-closure-library/0.0-20190213-2033d5d9/google-closure-library-0.0-20190213-2033d5d9.jar from central
Downloading: io/undertow/undertow-core/2.0.25.Final/undertow-core-2.0.25.Final.jar from central
Downloading: thheller/shadow-util/0.7.0/shadow-util-0.7.0.jar from clojars
Downloading: com/bhauman/cljs-test-display/0.1.1/cljs-test-display-0.1.1.jar from clojars
Downloading: thheller/shadow-cljsjs/0.0.20/shadow-cljsjs-0.0.20.jar from clojars
Downloading: fipp/fipp/0.6.18/fipp-0.6.18.jar from clojars
Downloading: binaryage/devtools/0.9.10/devtools-0.9.10.jar from clojars
Downloading: binaryage/env-config/0.2.2/env-config-0.2.2.jar from clojars
Downloading: thheller/shadow-client/1.3.2/shadow-client-1.3.2.jar from clojars
Downloading: thheller/shadow-cljs/2.8.52/shadow-cljs-2.8.52.jar from clojars
shadow-cljs - HTTP server available at http://localhost:8000
Exception in thread "async-dispatch-4" Exception in thread "async-dispatch-2" java.net.SocketException: Socket closed
	at java.base/sun.nio.ch.NioSocketImpl.ensureOpenAndConnected(NioSocketImpl.java:165)
	at java.base/sun.nio.ch.NioSocketImpl.beginWrite(NioSocketImpl.java:366)
	at java.base/sun.nio.ch.NioSocketImpl.implWrite(NioSocketImpl.java:411)
	at java.base/sun.nio.ch.NioSocketImpl.write(NioSocketImpl.java:440)
	at java.base/sun.nio.ch.NioSocketImpl$2.write(NioSocketImpl.java:826)
	at java.base/java.net.Socket$SocketOutputStream.write(Socket.java:1045)
	at java.base/java.io.BufferedOutputStream.flushBuffer(BufferedOutputStream.java:81)
	at java.base/java.io.BufferedOutputStream.flush(BufferedOutputStream.java:142)
	at nrepl.transport$bencode$fn__19286.invoke(transport.clj:116)
	at nrepl.transport.FnTransport.send(transport.clj:41)
	at shadow.cljs.devtools.server.nrepl04$send.invokeStatic(nrepl04.clj:30)
	at shadow.cljs.devtools.server.nrepl04$send.invoke(nrepl04.clj:17)
	at shadow.cljs.devtools.server.nrepl_impl$worker_exit.invokeStatic(nrepl_impl.clj:151)
	at shadow.cljs.devtools.server.nrepl_impl$worker_exit.invoke(nrepl_impl.clj:149)
	at shadow.cljs.devtools.server.nrepl_impl$set_worker$fn__20155.invoke(nrepl_impl.clj:166)
	at shadow.cljs.devtools.api$nrepl_select$fn__16498$state_machine__6734__auto____16515$fn__16517.invoke(api.clj:396)
	at shadow.cljs.devtools.api$nrepl_select$fn__16498$state_machine__6734__auto____16515.invoke(api.clj:389)
	at clojure.core.async.impl.ioc_macros$run_state_machine.invokeStatic(ioc_macros.clj:973)
	at clojure.core.async.impl.ioc_macros$run_state_machine.invoke(ioc_macros.clj:972)
	at clojure.core.async.impl.ioc_macros$run_state_machine_wrapped.invokeStatic(ioc_macros.clj:977)
	at clojure.core.async.impl.ioc_macros$run_state_machine_wrapped.invoke(ioc_macros.clj:975)
	at clojure.core.async$ioc_alts_BANG_$fn__6963.invoke(async.clj:385)
	at clojure.core.async$do_alts$fn__6895$fn__6898.invoke(async.clj:254)
	at clojure.core.async.impl.channels.ManyToManyChannel$fn__1681.invoke(channels.clj:265)
	at clojure.lang.AFn.run(AFn.java:22)
	at java.base/java.util.concurrent.ThreadPoolExecutor.runWorker(ThreadPoolExecutor.java:1130)
	at java.base/java.util.concurrent.ThreadPoolExecutor$Worker.run(ThreadPoolExecutor.java:630)
	at java.base/java.lang.Thread.run(Thread.java:831)
Exception in thread "async-dispatch-1" java.net.SocketException: Socket closed
	at java.base/sun.nio.ch.NioSocketImpl.ensureOpenAndConnected(NioSocketImpl.java:165)
	at java.base/sun.nio.ch.NioSocketImpl.beginWrite(NioSocketImpl.java:366)
	at java.base/sun.nio.ch.NioSocketImpl.implWrite(NioSocketImpl.java:411)
	at java.base/sun.nio.ch.NioSocketImpl.write(NioSocketImpl.java:440)
	at java.base/sun.nio.ch.NioSocketImpl$2.write(NioSocketImpl.java:826)
	at java.base/java.net.Socket$SocketOutputStream.write(Socket.java:1045)
	at java.base/java.io.BufferedOutputStream.flushBuffer(BufferedOutputStream.java:81)
	at java.base/java.io.BufferedOutputStream.flush(BufferedOutputStream.java:142)
	at nrepl.transport$bencode$fn__19286.invoke(transport.clj:116)
	at nrepl.transport.FnTransport.send(transport.clj:41)
	at shadow.cljs.devtools.server.nrepl04$send.invokeStatic(nrepl04.clj:30)
	at shadow.cljs.devtools.server.nrepl04$send.invoke(nrepl04.clj:17)
	at shadow.cljs.devtools.server.nrepl_impl$worker_exit.invokeStatic(nrepl_impl.clj:151)
	at shadow.cljs.devtools.server.nrepl_impl$worker_exit.invoke(nrepl_impl.clj:149)
	at shadow.cljs.devtools.server.nrepl_impl$set_worker$fn__20155.invoke(nrepl_impl.clj:166)
	at shadow.cljs.devtools.api$nrepl_select$fn__16498$state_machine__6734__auto____16515$fn__16517.invoke(api.clj:396)
	at shadow.cljs.devtools.api$nrepl_select$fn__16498$state_machine__6734__auto____16515.invoke(api.clj:389)
	at clojure.core.async.impl.ioc_macros$run_state_machine.invokeStatic(ioc_macros.clj:973)
	at clojure.core.async.impl.ioc_macros$run_state_machine.invoke(ioc_macros.clj:972)
	at clojure.core.async.impl.ioc_macros$run_state_machine_wrapped.invokeStatic(ioc_macros.clj:977)
	at clojure.core.async.impl.ioc_macros$run_state_machine_wrapped.invoke(ioc_macros.clj:975)
	at clojure.core.async$ioc_alts_BANG_$fn__6963.invoke(async.clj:385)
	at clojure.core.async$do_alts$fn__6895$fn__6898.invoke(async.clj:254)
	at clojure.core.async.impl.channels.ManyToManyChannel$fn__1681.invoke(channels.clj:265)
	at clojure.lang.AFn.run(AFn.java:22)
	at java.base/java.util.concurrent.ThreadPoolExecutor.runWorker(ThreadPoolExecutor.java:1130)
	at java.base/java.util.concurrent.ThreadPoolExecutor$Worker.run(ThreadPoolExecutor.java:630)
	at java.base/java.lang.Thread.run(Thread.java:831)
java.net.SocketException: Socket closed
	at java.base/sun.nio.ch.NioSocketImpl.ensureOpenAndConnected(NioSocketImpl.java:165)
	at java.base/sun.nio.ch.NioSocketImpl.beginWrite(NioSocketImpl.java:366)
	at java.base/sun.nio.ch.NioSocketImpl.implWrite(NioSocketImpl.java:411)
	at java.base/sun.nio.ch.NioSocketImpl.write(NioSocketImpl.java:440)
	at java.base/sun.nio.ch.NioSocketImpl$2.write(NioSocketImpl.java:826)
	at java.base/java.net.Socket$SocketOutputStream.write(Socket.java:1045)
	at java.base/java.io.BufferedOutputStream.flushBuffer(BufferedOutputStream.java:81)
	at java.base/java.io.BufferedOutputStream.flush(BufferedOutputStream.java:142)
	at nrepl.transport$bencode$fn__19286.invoke(transport.clj:116)
	at nrepl.transport.FnTransport.send(transport.clj:41)
	at shadow.cljs.devtools.server.nrepl04$send.invokeStatic(nrepl04.clj:30)
	at shadow.cljs.devtools.server.nrepl04$send.invoke(nrepl04.clj:17)
	at shadow.cljs.devtools.server.nrepl_impl$worker_exit.invokeStatic(nrepl_impl.clj:151)
	at shadow.cljs.devtools.server.nrepl_impl$worker_exit.invoke(nrepl_impl.clj:149)
	at shadow.cljs.devtools.server.nrepl_impl$set_worker$fn__20155.invoke(nrepl_impl.clj:166)
	at shadow.cljs.devtools.api$nrepl_select$fn__16498$state_machine__6734__auto____16515$fn__16517.invoke(api.clj:396)
	at shadow.cljs.devtools.api$nrepl_select$fn__16498$state_machine__6734__auto____16515.invoke(api.clj:389)
	at clojure.core.async.impl.ioc_macros$run_state_machine.invokeStatic(ioc_macros.clj:973)
	at clojure.core.async.impl.ioc_macros$run_state_machine.invoke(ioc_macros.clj:972)
	at clojure.core.async.impl.ioc_macros$run_state_machine_wrapped.invokeStatic(ioc_macros.clj:977)
	at clojure.core.async.impl.ioc_macros$run_state_machine_wrapped.invoke(ioc_macros.clj:975)
	at clojure.core.async$ioc_alts_BANG_$fn__6963.invoke(async.clj:385)
	at clojure.core.async$do_alts$fn__6895$fn__6898.invoke(async.clj:254)
	at clojure.core.async.impl.channels.ManyToManyChannel$fn__1681.invoke(channels.clj:265)
	at clojure.lang.AFn.run(AFn.java:22)
	at java.base/java.util.concurrent.ThreadPoolExecutor.runWorker(ThreadPoolExecutor.java:1130)
	at java.base/java.util.concurrent.ThreadPoolExecutor$Worker.run(ThreadPoolExecutor.java:630)
	at java.base/java.lang.Thread.run(Thread.java:831)
[2021-09-02 23:28:17.997 - WARNING] :shadow.cljs.devtools.server/nrepl-ex
Note: The following stack trace applies to the reader or compiler, your code was not executed.
CompilerException Unexpected error macroexpanding if-ns at (cider/piggieback.clj:22:1). #:clojure.error{:phase :macroexpansion, :line 22, :column 1, :source "cider/piggieback.clj", :symbol if-ns}
	clojure.lang.Compiler.macroexpand1 (Compiler.java:7023)
	clojure.lang.Compiler.macroexpand (Compiler.java:7079)
	clojure.lang.Compiler.eval (Compiler.java:7165)
	clojure.lang.Compiler.load (Compiler.java:7640)
	clojure.lang.RT.loadResourceScript (RT.java:381)
	clojure.lang.RT.loadResourceScript (RT.java:372)
	clojure.lang.RT.load (RT.java:459)
	clojure.lang.RT.load (RT.java:424)
	clojure.core/load/fn--6856 (core.clj:6115)
	clojure.core/load (core.clj:6114)
	clojure.core/load (core.clj:6098)
	clojure.core/load-one (core.clj:5897)
Caused by:
NoSuchFieldError ES3
	cljs.closure__init.load (:133)
	cljs.closure__init.<clinit> (:-1)
	java.lang.Class.forName0 (Class.java:-2)
	java.lang.Class.forName (Class.java:466)
	clojure.lang.RT.classForName (RT.java:2212)
	clojure.lang.RT.classForName (RT.java:2221)
	clojure.lang.RT.loadClassForName (RT.java:2240)
	clojure.lang.RT.load (RT.java:449)
	clojure.lang.RT.load (RT.java:424)
	clojure.core/load/fn--6856 (core.clj:6115)
	clojure.core/load (core.clj:6114)
	clojure.core/load (core.clj:6098)
shadow-cljs - HTTP server available at http://localhost:8000
[2021-09-02 23:29:19.968 - WARNING] :shadow.cljs.devtools.server/nrepl-ex
Note: The following stack trace applies to the reader or compiler, your code was not executed.
CompilerException Unexpected error macroexpanding if-ns at (cider/piggieback.clj:22:1). #:clojure.error{:phase :macroexpansion, :line 22, :column 1, :source "cider/piggieback.clj", :symbol if-ns}
	clojure.lang.Compiler.macroexpand1 (Compiler.java:7023)
	clojure.lang.Compiler.macroexpand (Compiler.java:7079)
	clojure.lang.Compiler.eval (Compiler.java:7165)
	clojure.lang.Compiler.load (Compiler.java:7640)
	clojure.lang.RT.loadResourceScript (RT.java:381)
	clojure.lang.RT.loadResourceScript (RT.java:372)
	clojure.lang.RT.load (RT.java:459)
	clojure.lang.RT.load (RT.java:424)
	clojure.core/load/fn--6856 (core.clj:6115)
	clojure.core/load (core.clj:6114)
	clojure.core/load (core.clj:6098)
	clojure.core/load-one (core.clj:5897)
Caused by:
NoSuchFieldError ES3
	cljs.closure__init.load (:133)
	cljs.closure__init.<clinit> (:-1)
	java.lang.Class.forName0 (Class.java:-2)
	java.lang.Class.forName (Class.java:466)
	clojure.lang.RT.classForName (RT.java:2212)
	clojure.lang.RT.classForName (RT.java:2221)
	clojure.lang.RT.loadClassForName (RT.java:2240)
	clojure.lang.RT.load (RT.java:449)
	clojure.lang.RT.load (RT.java:424)
	clojure.core/load/fn--6856 (core.clj:6115)
	clojure.core/load (core.clj:6114)
	clojure.core/load (core.clj:6098)
shadow-cljs - HTTP server available at http://localhost:8000
[2021-09-02 23:29:58.195 - WARNING] :shadow.cljs.devtools.server.util/handle-ex - {:msg {:type :start-autobuild}}
NoClassDefFoundError Could not initialize class cljs.repl__init
	java.lang.Class.forName0 (Class.java:-2)
	java.lang.Class.forName (Class.java:466)
	clojure.lang.RT.classForName (RT.java:2212)
	clojure.lang.RT.classForName (RT.java:2221)
	clojure.lang.RT.loadClassForName (RT.java:2240)
	clojure.lang.RT.load (RT.java:449)
	clojure.lang.RT.load (RT.java:424)
	clojure.core/load/fn--6856 (core.clj:6115)
	clojure.core/load (core.clj:6114)
	clojure.core/load (core.clj:6098)
	clojure.core/load-one (core.clj:5897)
	clojure.core/load-one (core.clj:5892)
Using Wrapped inputs
Using Wrapped inputs
Using Wrapped inputs
[2021-09-03 20:15:19.367 - WARNING] :shadow.cljs.devtools.server/nrepl-ex
Note: The following stack trace applies to the reader or compiler, your code was not executed.
CompilerException Unexpected error macroexpanding if-ns at (cider/piggieback.clj:22:1). #:clojure.error{:phase :macroexpansion, :line 22, :column 1, :source "cider/piggieback.clj", :symbol if-ns}
	clojure.lang.Compiler.macroexpand1 (Compiler.java:7023)
	clojure.lang.Compiler.macroexpand (Compiler.java:7079)
	clojure.lang.Compiler.eval (Compiler.java:7165)
	clojure.lang.Compiler.load (Compiler.java:7640)
	clojure.lang.RT.loadResourceScript (RT.java:381)
	clojure.lang.RT.loadResourceScript (RT.java:372)
	clojure.lang.RT.load (RT.java:459)
	clojure.lang.RT.load (RT.java:424)
	clojure.core/load/fn--6856 (core.clj:6115)
	clojure.core/load (core.clj:6114)
	clojure.core/load (core.clj:6098)
	clojure.core/load-one (core.clj:5897)
Caused by:
NoSuchFieldError ES3
	cljs.closure__init.load (:133)
	cljs.closure__init.<clinit> (:-1)
	java.lang.Class.forName0 (Class.java:-2)
	java.lang.Class.forName (Class.java:466)
	clojure.lang.RT.classForName (RT.java:2212)
	clojure.lang.RT.classForName (RT.java:2221)
	clojure.lang.RT.loadClassForName (RT.java:2240)
	clojure.lang.RT.load (RT.java:449)
	clojure.lang.RT.load (RT.java:424)
	clojure.core/load/fn--6856 (core.clj:6115)
	clojure.core/load (core.clj:6114)
	clojure.core/load (core.clj:6098)
shadow-cljs - HTTP server available at http://localhost:8000
[2021-09-03 20:18:09.572 - WARNING] :shadow.cljs.devtools.server.util/handle-ex - {:msg {:type :start-autobuild}}
NoClassDefFoundError Could not initialize class cljs.repl__init
	java.lang.Class.forName0 (Class.java:-2)
	java.lang.Class.forName (Class.java:466)
	clojure.lang.RT.classForName (RT.java:2212)
	clojure.lang.RT.classForName (RT.java:2221)
	clojure.lang.RT.loadClassForName (RT.java:2240)
	clojure.lang.RT.load (RT.java:449)
	clojure.lang.RT.load (RT.java:424)
	clojure.core/load/fn--6856 (core.clj:6115)
	clojure.core/load (core.clj:6114)
	clojure.core/load (core.clj:6098)
	clojure.core/load-one (core.clj:5897)
	clojure.core/load-one (core.clj:5892)
[2021-09-03 20:18:10.885 - WARNING] :shadow.cljs.devtools.server.util/handle-ex - {:msg {:type :compile, :reply-to nil}}
NoClassDefFoundError Could not initialize class cljs.repl__init
	java.lang.Class.forName0 (Class.java:-2)
	java.lang.Class.forName (Class.java:466)
	clojure.lang.RT.classForName (RT.java:2212)
	clojure.lang.RT.classForName (RT.java:2221)
	clojure.lang.RT.loadClassForName (RT.java:2240)
	clojure.lang.RT.load (RT.java:449)
	clojure.lang.RT.load (RT.java:424)
	clojure.core/load/fn--6856 (core.clj:6115)
	clojure.core/load (core.clj:6114)
	clojure.core/load (core.clj:6098)
	clojure.core/load-one (core.clj:5897)
	clojure.core/load-one (core.clj:5892)
[2021-09-03 21:15:28.660 - WARNING] :shadow.cljs.devtools.server/nrepl-ex
Note: The following stack trace applies to the reader or compiler, your code was not executed.
CompilerException Unexpected error macroexpanding if-ns at (cider/piggieback.clj:22:1). #:clojure.error{:phase :macroexpansion, :line 22, :column 1, :source "cider/piggieback.clj", :symbol if-ns}
	clojure.lang.Compiler.macroexpand1 (Compiler.java:7023)
	clojure.lang.Compiler.macroexpand (Compiler.java:7079)
	clojure.lang.Compiler.eval (Compiler.java:7165)
	clojure.lang.Compiler.load (Compiler.java:7640)
	clojure.lang.RT.loadResourceScript (RT.java:381)
	clojure.lang.RT.loadResourceScript (RT.java:372)
	clojure.lang.RT.load (RT.java:459)
	clojure.lang.RT.load (RT.java:424)
	clojure.core/load/fn--6856 (core.clj:6115)
	clojure.core/load (core.clj:6114)
	clojure.core/load (core.clj:6098)
	clojure.core/load-one (core.clj:5897)
Caused by:
NoSuchFieldError ES3
	cljs.closure__init.load (:133)
	cljs.closure__init.<clinit> (:-1)
	java.lang.Class.forName0 (Class.java:-2)
	java.lang.Class.forName (Class.java:466)
	clojure.lang.RT.classForName (RT.java:2212)
	clojure.lang.RT.classForName (RT.java:2221)
	clojure.lang.RT.loadClassForName (RT.java:2240)
	clojure.lang.RT.load (RT.java:449)
	clojure.lang.RT.load (RT.java:424)
	clojure.core/load/fn--6856 (core.clj:6115)
	clojure.core/load (core.clj:6114)
	clojure.core/load (core.clj:6098)
shadow-cljs - HTTP server available at http://localhost:8000
[2021-09-03 21:16:37.951 - WARNING] :shadow.cljs.devtools.server.util/handle-ex - {:msg {:type :start-autobuild}}
NoClassDefFoundError Could not initialize class cljs.repl__init
	java.lang.Class.forName0 (Class.java:-2)
	java.lang.Class.forName (Class.java:466)
	clojure.lang.RT.classForName (RT.java:2212)
	clojure.lang.RT.classForName (RT.java:2221)
	clojure.lang.RT.loadClassForName (RT.java:2240)
	clojure.lang.RT.load (RT.java:449)
	clojure.lang.RT.load (RT.java:424)
	clojure.core/load/fn--6856 (core.clj:6115)
	clojure.core/load (core.clj:6114)
	clojure.core/load (core.clj:6098)
	clojure.core/load-one (core.clj:5897)
	clojure.core/load-one (core.clj:5892)
Using Wrapped inputs
[2021-09-03 21:16:39.323 - WARNING] :shadow.cljs.devtools.server.util/handle-ex - {:msg {:type :compile, :reply-to nil}}
NoClassDefFoundError Could not initialize class cljs.repl__init
	java.lang.Class.forName0 (Class.java:-2)
	java.lang.Class.forName (Class.java:466)
	clojure.lang.RT.classForName (RT.java:2212)
	clojure.lang.RT.classForName (RT.java:2221)
	clojure.lang.RT.loadClassForName (RT.java:2240)
	clojure.lang.RT.load (RT.java:449)
	clojure.lang.RT.load (RT.java:424)
	clojure.core/load/fn--6856 (core.clj:6115)
	clojure.core/load (core.clj:6114)
	clojure.core/load (core.clj:6098)
	clojure.core/load-one (core.clj:5897)
	clojure.core/load-one (core.clj:5892)
[2021-09-03 21:17:38.159 - WARNING] :shadow.cljs.devtools.server.util/handle-ex - {:msg {:type :compile, :reply-to nil}}
NoClassDefFoundError Could not initialize class cljs.repl__init
	java.lang.Class.forName0 (Class.java:-2)
	java.lang.Class.forName (Class.java:466)
	clojure.lang.RT.classForName (RT.java:2212)
	clojure.lang.RT.classForName (RT.java:2221)
	clojure.lang.RT.loadClassForName (RT.java:2240)
	clojure.lang.RT.load (RT.java:449)
	clojure.lang.RT.load (RT.java:424)
	clojure.core/load/fn--6856 (core.clj:6115)
	clojure.core/load (core.clj:6114)
	clojure.core/load (core.clj:6098)
	clojure.core/load-one (core.clj:5897)
	clojure.core/load-one (core.clj:5892)
[2021-09-03 21:19:55.252 - WARNING] :shadow.cljs.devtools.server.util/handle-ex - {:msg {:type :compile, :reply-to nil}}
NoClassDefFoundError Could not initialize class cljs.repl__init
	java.lang.Class.forName0 (Class.java:-2)
	java.lang.Class.forName (Class.java:466)
	clojure.lang.RT.classForName (RT.java:2212)
	clojure.lang.RT.classForName (RT.java:2221)
	clojure.lang.RT.loadClassForName (RT.java:2240)
	clojure.lang.RT.load (RT.java:449)
	clojure.lang.RT.load (RT.java:424)
	clojure.core/load/fn--6856 (core.clj:6115)
	clojure.core/load (core.clj:6114)
	clojure.core/load (core.clj:6098)
	clojure.core/load-one (core.clj:5897)
	clojure.core/load-one (core.clj:5892)
[2021-09-03 21:20:44.215 - WARNING] :shadow.cljs.devtools.server.util/handle-ex - {:msg {:type :compile, :reply-to nil}}
NoClassDefFoundError Could not initialize class cljs.repl__init
	java.lang.Class.forName0 (Class.java:-2)
	java.lang.Class.forName (Class.java:466)
	clojure.lang.RT.classForName (RT.java:2212)
	clojure.lang.RT.classForName (RT.java:2221)
	clojure.lang.RT.loadClassForName (RT.java:2240)
	clojure.lang.RT.load (RT.java:449)
	clojure.lang.RT.load (RT.java:424)
	clojure.core/load/fn--6856 (core.clj:6115)
	clojure.core/load (core.clj:6114)
	clojure.core/load (core.clj:6098)
	clojure.core/load-one (core.clj:5897)
	clojure.core/load-one (core.clj:5892)
[2021-09-03 21:21:31.391 - WARNING] :shadow.cljs.devtools.server.util/handle-ex - {:msg {:type :compile, :reply-to nil}}
NoClassDefFoundError Could not initialize class cljs.repl__init
	java.lang.Class.forName0 (Class.java:-2)
	java.lang.Class.forName (Class.java:466)
	clojure.lang.RT.classForName (RT.java:2212)
	clojure.lang.RT.classForName (RT.java:2221)
	clojure.lang.RT.loadClassForName (RT.java:2240)
	clojure.lang.RT.load (RT.java:449)
	clojure.lang.RT.load (RT.java:424)
	clojure.core/load/fn--6856 (core.clj:6115)
	clojure.core/load (core.clj:6114)
	clojure.core/load (core.clj:6098)
	clojure.core/load-one (core.clj:5897)
	clojure.core/load-one (core.clj:5892)
[2021-09-03 21:21:37.666 - WARNING] :shadow.cljs.devtools.server.util/handle-ex - {:msg {:type :start-autobuild}}
NoClassDefFoundError Could not initialize class cljs.repl__init
	java.lang.Class.forName0 (Class.java:-2)
	java.lang.Class.forName (Class.java:466)
	clojure.lang.RT.classForName (RT.java:2212)
	clojure.lang.RT.classForName (RT.java:2221)
	clojure.lang.RT.loadClassForName (RT.java:2240)
	clojure.lang.RT.load (RT.java:449)
	clojure.lang.RT.load (RT.java:424)
	clojure.core/load/fn--6856 (core.clj:6115)
	clojure.core/load (core.clj:6114)
	clojure.core/load (core.clj:6098)
	clojure.core/load-one (core.clj:5897)
	clojure.core/load-one (core.clj:5892)
[2021-09-03 21:21:38.362 - WARNING] :shadow.cljs.devtools.server.util/handle-ex - {:msg {:type :compile, :reply-to nil}}
NoClassDefFoundError Could not initialize class cljs.repl__init
	java.lang.Class.forName0 (Class.java:-2)
	java.lang.Class.forName (Class.java:466)
	clojure.lang.RT.classForName (RT.java:2212)
	clojure.lang.RT.classForName (RT.java:2221)
	clojure.lang.RT.loadClassForName (RT.java:2240)
	clojure.lang.RT.load (RT.java:449)
	clojure.lang.RT.load (RT.java:424)
	clojure.core/load/fn--6856 (core.clj:6115)
	clojure.core/load (core.clj:6114)
	clojure.core/load (core.clj:6098)
	clojure.core/load-one (core.clj:5897)
	clojure.core/load-one (core.clj:5892)
[2021-09-03 21:39:48.068 - WARNING] :shadow.cljs.devtools.server/nrepl-ex
Note: The following stack trace applies to the reader or compiler, your code was not executed.
CompilerException Unexpected error macroexpanding if-ns at (cider/piggieback.clj:22:1). #:clojure.error{:phase :macroexpansion, :line 22, :column 1, :source "cider/piggieback.clj", :symbol if-ns}
	clojure.lang.Compiler.macroexpand1 (Compiler.java:7023)
	clojure.lang.Compiler.macroexpand (Compiler.java:7079)
	clojure.lang.Compiler.eval (Compiler.java:7165)
	clojure.lang.Compiler.load (Compiler.java:7640)
	clojure.lang.RT.loadResourceScript (RT.java:381)
	clojure.lang.RT.loadResourceScript (RT.java:372)
	clojure.lang.RT.load (RT.java:459)
	clojure.lang.RT.load (RT.java:424)
	clojure.core/load/fn--6856 (core.clj:6115)
	clojure.core/load (core.clj:6114)
	clojure.core/load (core.clj:6098)
	clojure.core/load-one (core.clj:5897)
Caused by:
NoSuchFieldError ES3
	cljs.closure__init.load (:133)
	cljs.closure__init.<clinit> (:-1)
	java.lang.Class.forName0 (Class.java:-2)
	java.lang.Class.forName (Class.java:466)
	clojure.lang.RT.classForName (RT.java:2212)
	clojure.lang.RT.classForName (RT.java:2221)
	clojure.lang.RT.loadClassForName (RT.java:2240)
	clojure.lang.RT.load (RT.java:449)
	clojure.lang.RT.load (RT.java:424)
	clojure.core/load/fn--6856 (core.clj:6115)
	clojure.core/load (core.clj:6114)
	clojure.core/load (core.clj:6098)
shadow-cljs - HTTP server available at http://localhost:8000
[2021-09-03 21:41:24.097 - WARNING] :shadow.cljs.devtools.server/nrepl-ex
Note: The following stack trace applies to the reader or compiler, your code was not executed.
CompilerException Unexpected error macroexpanding if-ns at (cider/piggieback.clj:22:1). #:clojure.error{:phase :macroexpansion, :line 22, :column 1, :source "cider/piggieback.clj", :symbol if-ns}
	clojure.lang.Compiler.macroexpand1 (Compiler.java:7023)
	clojure.lang.Compiler.macroexpand (Compiler.java:7079)
	clojure.lang.Compiler.eval (Compiler.java:7165)
	clojure.lang.Compiler.load (Compiler.java:7640)
	clojure.lang.RT.loadResourceScript (RT.java:381)
	clojure.lang.RT.loadResourceScript (RT.java:372)
	clojure.lang.RT.load (RT.java:459)
	clojure.lang.RT.load (RT.java:424)
	clojure.core/load/fn--6856 (core.clj:6115)
	clojure.core/load (core.clj:6114)
	clojure.core/load (core.clj:6098)
	clojure.core/load-one (core.clj:5897)
Caused by:
NoSuchFieldError ES3
	cljs.closure__init.load (:133)
	cljs.closure__init.<clinit> (:-1)
	java.lang.Class.forName0 (Class.java:-2)
	java.lang.Class.forName (Class.java:466)
	clojure.lang.RT.classForName (RT.java:2212)
	clojure.lang.RT.classForName (RT.java:2221)
	clojure.lang.RT.loadClassForName (RT.java:2240)
	clojure.lang.RT.load (RT.java:449)
	clojure.lang.RT.load (RT.java:424)
	clojure.core/load/fn--6856 (core.clj:6115)
	clojure.core/load (core.clj:6114)
	clojure.core/load (core.clj:6098)
shadow-cljs - HTTP server available at http://localhost:8000
Using Wrapped inputs
