shadow-cljs - server version: 2.8.52 running at http://localhost:9630
shadow-cljs - nREPL server started on port 9000
[:failed-to-compare "^4.1.1" "4.1.1" #error {
 :cause "Cannot invoke \"Object.getClass()\" because \"target\" is null"
 :via
 [{:type java.lang.NullPointerException
   :message "Cannot invoke \"Object.getClass()\" because \"target\" is null"
   :at [clojure.lang.Reflector invokeInstanceMethod "Reflector.java" 97]}]
 :trace
 [[clojure.lang.Reflector invokeInstanceMethod "Reflector.java" 97]
  [shadow.cljs.devtools.server.npm_deps$make_engine invokeStatic "npm_deps.clj" 39]
  [shadow.cljs.devtools.server.npm_deps$make_engine invoke "npm_deps.clj" 32]
  [shadow.cljs.devtools.server.npm_deps$fn__17024$fn__17025 invoke "npm_deps.clj" 46]
  [clojure.lang.Delay deref "Delay.java" 42]
  [clojure.core$deref invokeStatic "core.clj" 2324]
  [clojure.core$deref invoke "core.clj" 2310]
  [shadow.cljs.devtools.server.npm_deps$fn__17024$fn__17027 invoke "npm_deps.clj" 52]
  [shadow.build.targets.browser$check_npm_versions$fn__37414$fn__37415 invoke "browser.clj" 789]
  [clojure.core.protocols$iter_reduce invokeStatic "protocols.clj" 49]
  [clojure.core.protocols$fn__8160 invokeStatic "protocols.clj" 75]
  [clojure.core.protocols$fn__8160 invoke "protocols.clj" 75]
  [clojure.core.protocols$fn__8110$G__8105__8123 invoke "protocols.clj" 13]
  [clojure.core$reduce invokeStatic "core.clj" 6830]
  [clojure.core$reduce invoke "core.clj" 6812]
  [shadow.build.targets.browser$check_npm_versions$fn__37414 invoke "browser.clj" 781]
  [shadow.build.targets.browser$check_npm_versions invokeStatic "browser.clj" 780]
  [shadow.build.targets.browser$check_npm_versions invoke "browser.clj" 762]
  [shadow.build.targets.browser$process invokeStatic "browser.clj" 817]
  [shadow.build.targets.browser$process invoke "browser.clj" 801]
  [clojure.lang.Var invoke "Var.java" 384]
  [shadow.build$process_stage$fn__13969 invoke "build.clj" 143]
  [shadow.build$process_stage invokeStatic "build.clj" 140]
  [shadow.build$process_stage invoke "build.clj" 132]
  [shadow.build$compile invokeStatic "build.clj" 395]
  [shadow.build$compile invoke "build.clj" 384]
  [shadow.cljs.devtools.server.worker.impl$build_compile invokeStatic "impl.clj" 314]
  [shadow.cljs.devtools.server.worker.impl$build_compile invoke "impl.clj" 300]
  [shadow.cljs.devtools.server.worker.impl$eval15137$fn__15139 invoke "impl.clj" 695]
  [clojure.lang.MultiFn invoke "MultiFn.java" 234]
  [shadow.cljs.devtools.server.util$server_thread$fn__14782$fn__14783$fn__14791 invoke "util.clj" 285]
  [shadow.cljs.devtools.server.util$server_thread$fn__14782$fn__14783 invoke "util.clj" 284]
  [shadow.cljs.devtools.server.util$server_thread$fn__14782 invoke "util.clj" 257]
  [clojure.lang.AFn run "AFn.java" 22]
  [java.lang.Thread run "Thread.java" 831]]}]
[:failed-to-compare "^15.6.2" "15.7.2" #error {
 :cause "Cannot invoke \"Object.getClass()\" because \"target\" is null"
 :via
 [{:type java.lang.NullPointerException
   :message "Cannot invoke \"Object.getClass()\" because \"target\" is null"
   :at [clojure.lang.Reflector invokeInstanceMethod "Reflector.java" 97]}]
 :trace
 [[clojure.lang.Reflector invokeInstanceMethod "Reflector.java" 97]
  [shadow.cljs.devtools.server.npm_deps$make_engine invokeStatic "npm_deps.clj" 39]
  [shadow.cljs.devtools.server.npm_deps$make_engine invoke "npm_deps.clj" 32]
  [shadow.cljs.devtools.server.npm_deps$fn__17024$fn__17025 invoke "npm_deps.clj" 46]
  [clojure.lang.Delay deref "Delay.java" 42]
  [clojure.core$deref invokeStatic "core.clj" 2324]
  [clojure.core$deref invoke "core.clj" 2310]
  [shadow.cljs.devtools.server.npm_deps$fn__17024$fn__17027 invoke "npm_deps.clj" 52]
  [shadow.build.targets.browser$check_npm_versions$fn__37414$fn__37415 invoke "browser.clj" 789]
  [clojure.core.protocols$iter_reduce invokeStatic "protocols.clj" 49]
  [clojure.core.protocols$fn__8160 invokeStatic "protocols.clj" 75]
  [clojure.core.protocols$fn__8160 invoke "protocols.clj" 75]
  [clojure.core.protocols$fn__8110$G__8105__8123 invoke "protocols.clj" 13]
  [clojure.core$reduce invokeStatic "core.clj" 6830]
  [clojure.core$reduce invoke "core.clj" 6812]
  [shadow.build.targets.browser$check_npm_versions$fn__37414 invoke "browser.clj" 781]
  [shadow.build.targets.browser$check_npm_versions invokeStatic "browser.clj" 780]
  [shadow.build.targets.browser$check_npm_versions invoke "browser.clj" 762]
  [shadow.build.targets.browser$process invokeStatic "browser.clj" 817]
  [shadow.build.targets.browser$process invoke "browser.clj" 801]
  [clojure.lang.Var invoke "Var.java" 384]
  [shadow.build$process_stage$fn__13969 invoke "build.clj" 143]
  [shadow.build$process_stage invokeStatic "build.clj" 140]
  [shadow.build$process_stage invoke "build.clj" 132]
  [shadow.build$compile invokeStatic "build.clj" 395]
  [shadow.build$compile invoke "build.clj" 384]
  [shadow.cljs.devtools.server.worker.impl$build_compile invokeStatic "impl.clj" 314]
  [shadow.cljs.devtools.server.worker.impl$build_compile invoke "impl.clj" 300]
  [shadow.cljs.devtools.server.worker.impl$eval15137$fn__15139 invoke "impl.clj" 695]
  [clojure.lang.MultiFn invoke "MultiFn.java" 234]
  [shadow.cljs.devtools.server.util$server_thread$fn__14782$fn__14783$fn__14791 invoke "util.clj" 285]
  [shadow.cljs.devtools.server.util$server_thread$fn__14782$fn__14783 invoke "util.clj" 284]
  [shadow.cljs.devtools.server.util$server_thread$fn__14782 invoke "util.clj" 257]
  [clojure.lang.AFn run "AFn.java" 22]
  [java.lang.Thread run "Thread.java" 831]]}]
[:failed-to-compare "^0.19.1" "0.19.1" #error {
 :cause "Cannot invoke \"Object.getClass()\" because \"target\" is null"
 :via
 [{:type java.lang.NullPointerException
   :message "Cannot invoke \"Object.getClass()\" because \"target\" is null"
   :at [clojure.lang.Reflector invokeInstanceMethod "Reflector.java" 97]}]
 :trace
 [[clojure.lang.Reflector invokeInstanceMethod "Reflector.java" 97]
  [shadow.cljs.devtools.server.npm_deps$make_engine invokeStatic "npm_deps.clj" 39]
  [shadow.cljs.devtools.server.npm_deps$make_engine invoke "npm_deps.clj" 32]
  [shadow.cljs.devtools.server.npm_deps$fn__17024$fn__17025 invoke "npm_deps.clj" 46]
  [clojure.lang.Delay deref "Delay.java" 42]
  [clojure.core$deref invokeStatic "core.clj" 2324]
  [clojure.core$deref invoke "core.clj" 2310]
  [shadow.cljs.devtools.server.npm_deps$fn__17024$fn__17027 invoke "npm_deps.clj" 52]
  [shadow.build.targets.browser$check_npm_versions$fn__37414$fn__37415 invoke "browser.clj" 789]
  [clojure.core.protocols$iter_reduce invokeStatic "protocols.clj" 49]
  [clojure.core.protocols$fn__8160 invokeStatic "protocols.clj" 75]
  [clojure.core.protocols$fn__8160 invoke "protocols.clj" 75]
  [clojure.core.protocols$fn__8110$G__8105__8123 invoke "protocols.clj" 13]
  [clojure.core$reduce invokeStatic "core.clj" 6830]
  [clojure.core$reduce invoke "core.clj" 6812]
  [shadow.build.targets.browser$check_npm_versions$fn__37414 invoke "browser.clj" 781]
  [shadow.build.targets.browser$check_npm_versions invokeStatic "browser.clj" 780]
  [shadow.build.targets.browser$check_npm_versions invoke "browser.clj" 762]
  [shadow.build.targets.browser$process invokeStatic "browser.clj" 817]
  [shadow.build.targets.browser$process invoke "browser.clj" 801]
  [clojure.lang.Var invoke "Var.java" 384]
  [shadow.build$process_stage$fn__13969 invoke "build.clj" 143]
  [shadow.build$process_stage invokeStatic "build.clj" 140]
  [shadow.build$process_stage invoke "build.clj" 132]
  [shadow.build$compile invokeStatic "build.clj" 395]
  [shadow.build$compile invoke "build.clj" 384]
  [shadow.cljs.devtools.server.worker.impl$build_compile invokeStatic "impl.clj" 314]
  [shadow.cljs.devtools.server.worker.impl$build_compile invoke "impl.clj" 300]
  [shadow.cljs.devtools.server.worker.impl$eval15137$fn__15139 invoke "impl.clj" 695]
  [clojure.lang.MultiFn invoke "MultiFn.java" 234]
  [shadow.cljs.devtools.server.util$server_thread$fn__14782$fn__14783$fn__14791 invoke "util.clj" 285]
  [shadow.cljs.devtools.server.util$server_thread$fn__14782$fn__14783 invoke "util.clj" 284]
  [shadow.cljs.devtools.server.util$server_thread$fn__14782 invoke "util.clj" 257]
  [clojure.lang.AFn run "AFn.java" 22]
  [java.lang.Thread run "Thread.java" 831]]}]
[:failed-to-compare "^16.14.0" "16.14.0" #error {
 :cause "Cannot invoke \"Object.getClass()\" because \"target\" is null"
 :via
 [{:type java.lang.NullPointerException
   :message "Cannot invoke \"Object.getClass()\" because \"target\" is null"
   :at [clojure.lang.Reflector invokeInstanceMethod "Reflector.java" 97]}]
 :trace
 [[clojure.lang.Reflector invokeInstanceMethod "Reflector.java" 97]
  [shadow.cljs.devtools.server.npm_deps$make_engine invokeStatic "npm_deps.clj" 39]
  [shadow.cljs.devtools.server.npm_deps$make_engine invoke "npm_deps.clj" 32]
  [shadow.cljs.devtools.server.npm_deps$fn__17024$fn__17025 invoke "npm_deps.clj" 46]
  [clojure.lang.Delay deref "Delay.java" 42]
  [clojure.core$deref invokeStatic "core.clj" 2324]
  [clojure.core$deref invoke "core.clj" 2310]
  [shadow.cljs.devtools.server.npm_deps$fn__17024$fn__17027 invoke "npm_deps.clj" 52]
  [shadow.build.targets.browser$check_npm_versions$fn__37414$fn__37415 invoke "browser.clj" 789]
  [clojure.core.protocols$iter_reduce invokeStatic "protocols.clj" 49]
  [clojure.core.protocols$fn__8160 invokeStatic "protocols.clj" 75]
  [clojure.core.protocols$fn__8160 invoke "protocols.clj" 75]
  [clojure.core.protocols$fn__8110$G__8105__8123 invoke "protocols.clj" 13]
  [clojure.core$reduce invokeStatic "core.clj" 6830]
  [clojure.core$reduce invoke "core.clj" 6812]
  [shadow.build.targets.browser$check_npm_versions$fn__37414 invoke "browser.clj" 781]
  [shadow.build.targets.browser$check_npm_versions invokeStatic "browser.clj" 780]
  [shadow.build.targets.browser$check_npm_versions invoke "browser.clj" 762]
  [shadow.build.targets.browser$process invokeStatic "browser.clj" 817]
  [shadow.build.targets.browser$process invoke "browser.clj" 801]
  [clojure.lang.Var invoke "Var.java" 384]
  [shadow.build$process_stage$fn__13969 invoke "build.clj" 143]
  [shadow.build$process_stage invokeStatic "build.clj" 140]
  [shadow.build$process_stage invoke "build.clj" 132]
  [shadow.build$compile invokeStatic "build.clj" 395]
  [shadow.build$compile invoke "build.clj" 384]
  [shadow.cljs.devtools.server.worker.impl$build_compile invokeStatic "impl.clj" 314]
  [shadow.cljs.devtools.server.worker.impl$build_compile invoke "impl.clj" 300]
  [shadow.cljs.devtools.server.worker.impl$eval15137$fn__15139 invoke "impl.clj" 695]
  [clojure.lang.MultiFn invoke "MultiFn.java" 234]
  [shadow.cljs.devtools.server.util$server_thread$fn__14782$fn__14783$fn__14791 invoke "util.clj" 285]
  [shadow.cljs.devtools.server.util$server_thread$fn__14782$fn__14783 invoke "util.clj" 284]
  [shadow.cljs.devtools.server.util$server_thread$fn__14782 invoke "util.clj" 257]
  [clojure.lang.AFn run "AFn.java" 22]
  [java.lang.Thread run "Thread.java" 831]]}]
[:failed-to-compare "^4.1.1" "4.1.1" #error {
 :cause "Cannot invoke \"Object.getClass()\" because \"target\" is null"
 :via
 [{:type java.lang.NullPointerException
   :message "Cannot invoke \"Object.getClass()\" because \"target\" is null"
   :at [clojure.lang.Reflector invokeInstanceMethod "Reflector.java" 97]}]
 :trace
 [[clojure.lang.Reflector invokeInstanceMethod "Reflector.java" 97]
  [shadow.cljs.devtools.server.npm_deps$make_engine invokeStatic "npm_deps.clj" 39]
  [shadow.cljs.devtools.server.npm_deps$make_engine invoke "npm_deps.clj" 32]
  [shadow.cljs.devtools.server.npm_deps$fn__17024$fn__17025 invoke "npm_deps.clj" 46]
  [clojure.lang.Delay deref "Delay.java" 42]
  [clojure.core$deref invokeStatic "core.clj" 2324]
  [clojure.core$deref invoke "core.clj" 2310]
  [shadow.cljs.devtools.server.npm_deps$fn__17024$fn__17027 invoke "npm_deps.clj" 52]
  [shadow.build.targets.browser$check_npm_versions$fn__37414$fn__37415 invoke "browser.clj" 789]
  [clojure.core.protocols$iter_reduce invokeStatic "protocols.clj" 49]
  [clojure.core.protocols$fn__8160 invokeStatic "protocols.clj" 75]
  [clojure.core.protocols$fn__8160 invoke "protocols.clj" 75]
  [clojure.core.protocols$fn__8110$G__8105__8123 invoke "protocols.clj" 13]
  [clojure.core$reduce invokeStatic "core.clj" 6830]
  [clojure.core$reduce invoke "core.clj" 6812]
  [shadow.build.targets.browser$check_npm_versions$fn__37414 invoke "browser.clj" 781]
  [shadow.build.targets.browser$check_npm_versions invokeStatic "browser.clj" 780]
  [shadow.build.targets.browser$check_npm_versions invoke "browser.clj" 762]
  [shadow.build.targets.browser$process invokeStatic "browser.clj" 817]
  [shadow.build.targets.browser$process invoke "browser.clj" 801]
  [clojure.lang.Var invoke "Var.java" 384]
  [shadow.build$process_stage$fn__13969 invoke "build.clj" 143]
  [shadow.build$process_stage invokeStatic "build.clj" 140]
  [shadow.build$process_stage invoke "build.clj" 132]
  [shadow.build$compile invokeStatic "build.clj" 395]
  [shadow.build$compile invoke "build.clj" 384]
  [shadow.cljs.devtools.server.worker.impl$build_compile invokeStatic "impl.clj" 314]
  [shadow.cljs.devtools.server.worker.impl$build_compile invoke "impl.clj" 300]
  [shadow.cljs.devtools.server.worker.impl$eval15137$fn__15139 invoke "impl.clj" 695]
  [clojure.lang.MultiFn invoke "MultiFn.java" 234]
  [shadow.cljs.devtools.server.util$server_thread$fn__14782$fn__14783$fn__14791 invoke "util.clj" 285]
  [shadow.cljs.devtools.server.util$server_thread$fn__14782$fn__14783 invoke "util.clj" 284]
  [shadow.cljs.devtools.server.util$server_thread$fn__14782 invoke "util.clj" 257]
  [clojure.lang.AFn run "AFn.java" 22]
  [java.lang.Thread run "Thread.java" 831]]}]
[:failed-to-compare "^4.1.1" "4.1.1" #error {
 :cause "Cannot invoke \"Object.getClass()\" because \"target\" is null"
 :via
 [{:type java.lang.NullPointerException
   :message "Cannot invoke \"Object.getClass()\" because \"target\" is null"
   :at [clojure.lang.Reflector invokeInstanceMethod "Reflector.java" 97]}]
 :trace
 [[clojure.lang.Reflector invokeInstanceMethod "Reflector.java" 97]
  [shadow.cljs.devtools.server.npm_deps$make_engine invokeStatic "npm_deps.clj" 39]
  [shadow.cljs.devtools.server.npm_deps$make_engine invoke "npm_deps.clj" 32]
  [shadow.cljs.devtools.server.npm_deps$fn__17024$fn__17025 invoke "npm_deps.clj" 46]
  [clojure.lang.Delay deref "Delay.java" 42]
  [clojure.core$deref invokeStatic "core.clj" 2324]
  [clojure.core$deref invoke "core.clj" 2310]
  [shadow.cljs.devtools.server.npm_deps$fn__17024$fn__17027 invoke "npm_deps.clj" 52]
  [shadow.build.targets.browser$check_npm_versions$fn__37414$fn__37415 invoke "browser.clj" 789]
  [clojure.core.protocols$iter_reduce invokeStatic "protocols.clj" 49]
  [clojure.core.protocols$fn__8160 invokeStatic "protocols.clj" 75]
  [clojure.core.protocols$fn__8160 invoke "protocols.clj" 75]
  [clojure.core.protocols$fn__8110$G__8105__8123 invoke "protocols.clj" 13]
  [clojure.core$reduce invokeStatic "core.clj" 6830]
  [clojure.core$reduce invoke "core.clj" 6812]
  [shadow.build.targets.browser$check_npm_versions$fn__37414 invoke "browser.clj" 781]
  [shadow.build.targets.browser$check_npm_versions invokeStatic "browser.clj" 780]
  [shadow.build.targets.browser$check_npm_versions invoke "browser.clj" 762]
  [shadow.build.targets.browser$process invokeStatic "browser.clj" 817]
  [shadow.build.targets.browser$process invoke "browser.clj" 801]
  [clojure.lang.Var invoke "Var.java" 384]
  [shadow.build$process_stage$fn__13969 invoke "build.clj" 143]
  [shadow.build$process_stage invokeStatic "build.clj" 140]
  [shadow.build$process_stage invoke "build.clj" 132]
  [shadow.build$compile invokeStatic "build.clj" 395]
  [shadow.build$compile invoke "build.clj" 384]
  [shadow.cljs.devtools.server.worker.impl$build_compile invokeStatic "impl.clj" 314]
  [shadow.cljs.devtools.server.worker.impl$build_compile invoke "impl.clj" 300]
  [shadow.cljs.devtools.server.worker.impl$eval15137$fn__15139 invoke "impl.clj" 695]
  [clojure.lang.MultiFn invoke "MultiFn.java" 234]
  [shadow.cljs.devtools.server.util$server_thread$fn__14782$fn__14783$fn__14791 invoke "util.clj" 285]
  [shadow.cljs.devtools.server.util$server_thread$fn__14782$fn__14783 invoke "util.clj" 284]
  [shadow.cljs.devtools.server.util$server_thread$fn__14782 invoke "util.clj" 257]
  [clojure.lang.AFn run "AFn.java" 22]
  [java.lang.Thread run "Thread.java" 831]]}]
[:failed-to-compare "^15.6.2" "15.7.2" #error {
 :cause "Cannot invoke \"Object.getClass()\" because \"target\" is null"
 :via
 [{:type java.lang.NullPointerException
   :message "Cannot invoke \"Object.getClass()\" because \"target\" is null"
   :at [clojure.lang.Reflector invokeInstanceMethod "Reflector.java" 97]}]
 :trace
 [[clojure.lang.Reflector invokeInstanceMethod "Reflector.java" 97]
  [shadow.cljs.devtools.server.npm_deps$make_engine invokeStatic "npm_deps.clj" 39]
  [shadow.cljs.devtools.server.npm_deps$make_engine invoke "npm_deps.clj" 32]
  [shadow.cljs.devtools.server.npm_deps$fn__17024$fn__17025 invoke "npm_deps.clj" 46]
  [clojure.lang.Delay deref "Delay.java" 42]
  [clojure.core$deref invokeStatic "core.clj" 2324]
  [clojure.core$deref invoke "core.clj" 2310]
  [shadow.cljs.devtools.server.npm_deps$fn__17024$fn__17027 invoke "npm_deps.clj" 52]
  [shadow.build.targets.browser$check_npm_versions$fn__37414$fn__37415 invoke "browser.clj" 789]
  [clojure.core.protocols$iter_reduce invokeStatic "protocols.clj" 49]
  [clojure.core.protocols$fn__8160 invokeStatic "protocols.clj" 75]
  [clojure.core.protocols$fn__8160 invoke "protocols.clj" 75]
  [clojure.core.protocols$fn__8110$G__8105__8123 invoke "protocols.clj" 13]
  [clojure.core$reduce invokeStatic "core.clj" 6830]
  [clojure.core$reduce invoke "core.clj" 6812]
  [shadow.build.targets.browser$check_npm_versions$fn__37414 invoke "browser.clj" 781]
  [shadow.build.targets.browser$check_npm_versions invokeStatic "browser.clj" 780]
  [shadow.build.targets.browser$check_npm_versions invoke "browser.clj" 762]
  [shadow.build.targets.browser$process invokeStatic "browser.clj" 817]
  [shadow.build.targets.browser$process invoke "browser.clj" 801]
  [clojure.lang.Var invoke "Var.java" 384]
  [shadow.build$process_stage$fn__13969 invoke "build.clj" 143]
  [shadow.build$process_stage invokeStatic "build.clj" 140]
  [shadow.build$process_stage invoke "build.clj" 132]
  [shadow.build$compile invokeStatic "build.clj" 395]
  [shadow.build$compile invoke "build.clj" 384]
  [shadow.cljs.devtools.server.worker.impl$build_compile invokeStatic "impl.clj" 314]
  [shadow.cljs.devtools.server.worker.impl$build_compile invoke "impl.clj" 300]
  [shadow.cljs.devtools.server.worker.impl$eval15137$fn__15139 invoke "impl.clj" 695]
  [clojure.lang.MultiFn invoke "MultiFn.java" 234]
  [shadow.cljs.devtools.server.util$server_thread$fn__14782$fn__14783$fn__14791 invoke "util.clj" 285]
  [shadow.cljs.devtools.server.util$server_thread$fn__14782$fn__14783 invoke "util.clj" 284]
  [shadow.cljs.devtools.server.util$server_thread$fn__14782 invoke "util.clj" 257]
  [clojure.lang.AFn run "AFn.java" 22]
  [java.lang.Thread run "Thread.java" 831]]}]
[:failed-to-compare "^4.1.1" "4.1.1" #error {
 :cause "Cannot invoke \"Object.getClass()\" because \"target\" is null"
 :via
 [{:type java.lang.NullPointerException
   :message "Cannot invoke \"Object.getClass()\" because \"target\" is null"
   :at [clojure.lang.Reflector invokeInstanceMethod "Reflector.java" 97]}]
 :trace
 [[clojure.lang.Reflector invokeInstanceMethod "Reflector.java" 97]
  [shadow.cljs.devtools.server.npm_deps$make_engine invokeStatic "npm_deps.clj" 39]
  [shadow.cljs.devtools.server.npm_deps$make_engine invoke "npm_deps.clj" 32]
  [shadow.cljs.devtools.server.npm_deps$fn__17024$fn__17025 invoke "npm_deps.clj" 46]
  [clojure.lang.Delay deref "Delay.java" 42]
  [clojure.core$deref invokeStatic "core.clj" 2324]
  [clojure.core$deref invoke "core.clj" 2310]
  [shadow.cljs.devtools.server.npm_deps$fn__17024$fn__17027 invoke "npm_deps.clj" 52]
  [shadow.build.targets.browser$check_npm_versions$fn__37414$fn__37415 invoke "browser.clj" 789]
  [clojure.core.protocols$iter_reduce invokeStatic "protocols.clj" 49]
  [clojure.core.protocols$fn__8160 invokeStatic "protocols.clj" 75]
  [clojure.core.protocols$fn__8160 invoke "protocols.clj" 75]
  [clojure.core.protocols$fn__8110$G__8105__8123 invoke "protocols.clj" 13]
  [clojure.core$reduce invokeStatic "core.clj" 6830]
  [clojure.core$reduce invoke "core.clj" 6812]
  [shadow.build.targets.browser$check_npm_versions$fn__37414 invoke "browser.clj" 781]
  [shadow.build.targets.browser$check_npm_versions invokeStatic "browser.clj" 780]
  [shadow.build.targets.browser$check_npm_versions invoke "browser.clj" 762]
  [shadow.build.targets.browser$process invokeStatic "browser.clj" 817]
  [shadow.build.targets.browser$process invoke "browser.clj" 801]
  [clojure.lang.Var invoke "Var.java" 384]
  [shadow.build$process_stage$fn__13969 invoke "build.clj" 143]
  [shadow.build$process_stage invokeStatic "build.clj" 140]
  [shadow.build$process_stage invoke "build.clj" 132]
  [shadow.build$compile invokeStatic "build.clj" 395]
  [shadow.build$compile invoke "build.clj" 384]
  [shadow.cljs.devtools.server.worker.impl$build_compile invokeStatic "impl.clj" 314]
  [shadow.cljs.devtools.server.worker.impl$build_compile invoke "impl.clj" 300]
  [shadow.cljs.devtools.server.worker.impl$eval15137$fn__15139 invoke "impl.clj" 695]
  [clojure.lang.MultiFn invoke "MultiFn.java" 234]
  [shadow.cljs.devtools.server.util$server_thread$fn__14782$fn__14783$fn__14791 invoke "util.clj" 285]
  [shadow.cljs.devtools.server.util$server_thread$fn__14782$fn__14783 invoke "util.clj" 284]
  [shadow.cljs.devtools.server.util$server_thread$fn__14782 invoke "util.clj" 257]
  [clojure.lang.AFn run "AFn.java" 22]
  [java.lang.Thread run "Thread.java" 831]]}]
[:failed-to-compare "^4.1.1" "4.1.1" #error {
 :cause "Cannot invoke \"Object.getClass()\" because \"target\" is null"
 :via
 [{:type java.lang.NullPointerException
   :message "Cannot invoke \"Object.getClass()\" because \"target\" is null"
   :at [clojure.lang.Reflector invokeInstanceMethod "Reflector.java" 97]}]
 :trace
 [[clojure.lang.Reflector invokeInstanceMethod "Reflector.java" 97]
  [shadow.cljs.devtools.server.npm_deps$make_engine invokeStatic "npm_deps.clj" 39]
  [shadow.cljs.devtools.server.npm_deps$make_engine invoke "npm_deps.clj" 32]
  [shadow.cljs.devtools.server.npm_deps$fn__17024$fn__17025 invoke "npm_deps.clj" 46]
  [clojure.lang.Delay deref "Delay.java" 42]
  [clojure.core$deref invokeStatic "core.clj" 2324]
  [clojure.core$deref invoke "core.clj" 2310]
  [shadow.cljs.devtools.server.npm_deps$fn__17024$fn__17027 invoke "npm_deps.clj" 52]
  [shadow.build.targets.browser$check_npm_versions$fn__37414$fn__37415 invoke "browser.clj" 789]
  [clojure.core.protocols$iter_reduce invokeStatic "protocols.clj" 49]
  [clojure.core.protocols$fn__8160 invokeStatic "protocols.clj" 75]
  [clojure.core.protocols$fn__8160 invoke "protocols.clj" 75]
  [clojure.core.protocols$fn__8110$G__8105__8123 invoke "protocols.clj" 13]
  [clojure.core$reduce invokeStatic "core.clj" 6830]
  [clojure.core$reduce invoke "core.clj" 6812]
  [shadow.build.targets.browser$check_npm_versions$fn__37414 invoke "browser.clj" 781]
  [shadow.build.targets.browser$check_npm_versions invokeStatic "browser.clj" 780]
  [shadow.build.targets.browser$check_npm_versions invoke "browser.clj" 762]
  [shadow.build.targets.browser$process invokeStatic "browser.clj" 817]
  [shadow.build.targets.browser$process invoke "browser.clj" 801]
  [clojure.lang.Var invoke "Var.java" 384]
  [shadow.build$process_stage$fn__13969 invoke "build.clj" 143]
  [shadow.build$process_stage invokeStatic "build.clj" 140]
  [shadow.build$process_stage invoke "build.clj" 132]
  [shadow.build$compile invokeStatic "build.clj" 395]
  [shadow.build$compile invoke "build.clj" 384]
  [shadow.cljs.devtools.server.worker.impl$build_compile invokeStatic "impl.clj" 314]
  [shadow.cljs.devtools.server.worker.impl$build_compile invoke "impl.clj" 300]
  [shadow.cljs.devtools.server.worker.impl$eval15137$fn__15139 invoke "impl.clj" 695]
  [clojure.lang.MultiFn invoke "MultiFn.java" 234]
  [shadow.cljs.devtools.server.util$server_thread$fn__14782$fn__14783$fn__14791 invoke "util.clj" 285]
  [shadow.cljs.devtools.server.util$server_thread$fn__14782$fn__14783 invoke "util.clj" 284]
  [shadow.cljs.devtools.server.util$server_thread$fn__14782 invoke "util.clj" 257]
  [clojure.lang.AFn run "AFn.java" 22]
  [java.lang.Thread run "Thread.java" 831]]}]
[:failed-to-compare "^15.6.2" "15.7.2" #error {
 :cause "Cannot invoke \"Object.getClass()\" because \"target\" is null"
 :via
 [{:type java.lang.NullPointerException
   :message "Cannot invoke \"Object.getClass()\" because \"target\" is null"
   :at [clojure.lang.Reflector invokeInstanceMethod "Reflector.java" 97]}]
 :trace
 [[clojure.lang.Reflector invokeInstanceMethod "Reflector.java" 97]
  [shadow.cljs.devtools.server.npm_deps$make_engine invokeStatic "npm_deps.clj" 39]
  [shadow.cljs.devtools.server.npm_deps$make_engine invoke "npm_deps.clj" 32]
  [shadow.cljs.devtools.server.npm_deps$fn__17024$fn__17025 invoke "npm_deps.clj" 46]
  [clojure.lang.Delay deref "Delay.java" 42]
  [clojure.core$deref invokeStatic "core.clj" 2324]
  [clojure.core$deref invoke "core.clj" 2310]
  [shadow.cljs.devtools.server.npm_deps$fn__17024$fn__17027 invoke "npm_deps.clj" 52]
  [shadow.build.targets.browser$check_npm_versions$fn__37414$fn__37415 invoke "browser.clj" 789]
  [clojure.core.protocols$iter_reduce invokeStatic "protocols.clj" 49]
  [clojure.core.protocols$fn__8160 invokeStatic "protocols.clj" 75]
  [clojure.core.protocols$fn__8160 invoke "protocols.clj" 75]
  [clojure.core.protocols$fn__8110$G__8105__8123 invoke "protocols.clj" 13]
  [clojure.core$reduce invokeStatic "core.clj" 6830]
  [clojure.core$reduce invoke "core.clj" 6812]
  [shadow.build.targets.browser$check_npm_versions$fn__37414 invoke "browser.clj" 781]
  [shadow.build.targets.browser$check_npm_versions invokeStatic "browser.clj" 780]
  [shadow.build.targets.browser$check_npm_versions invoke "browser.clj" 762]
  [shadow.build.targets.browser$process invokeStatic "browser.clj" 817]
  [shadow.build.targets.browser$process invoke "browser.clj" 801]
  [clojure.lang.Var invoke "Var.java" 384]
  [shadow.build$process_stage$fn__13969 invoke "build.clj" 143]
  [shadow.build$process_stage invokeStatic "build.clj" 140]
  [shadow.build$process_stage invoke "build.clj" 132]
  [shadow.build$compile invokeStatic "build.clj" 395]
  [shadow.build$compile invoke "build.clj" 384]
  [shadow.cljs.devtools.server.worker.impl$build_compile invokeStatic "impl.clj" 314]
  [shadow.cljs.devtools.server.worker.impl$build_compile invoke "impl.clj" 300]
  [shadow.cljs.devtools.server.worker.impl$eval15137$fn__15139 invoke "impl.clj" 695]
  [clojure.lang.MultiFn invoke "MultiFn.java" 234]
  [shadow.cljs.devtools.server.util$server_thread$fn__14782$fn__14783$fn__14791 invoke "util.clj" 285]
  [shadow.cljs.devtools.server.util$server_thread$fn__14782$fn__14783 invoke "util.clj" 284]
  [shadow.cljs.devtools.server.util$server_thread$fn__14782 invoke "util.clj" 257]
  [clojure.lang.AFn run "AFn.java" 22]
  [java.lang.Thread run "Thread.java" 831]]}]
[:failed-to-compare "^0.19.1" "0.19.1" #error {
 :cause "Cannot invoke \"Object.getClass()\" because \"target\" is null"
 :via
 [{:type java.lang.NullPointerException
   :message "Cannot invoke \"Object.getClass()\" because \"target\" is null"
   :at [clojure.lang.Reflector invokeInstanceMethod "Reflector.java" 97]}]
 :trace
 [[clojure.lang.Reflector invokeInstanceMethod "Reflector.java" 97]
  [shadow.cljs.devtools.server.npm_deps$make_engine invokeStatic "npm_deps.clj" 39]
  [shadow.cljs.devtools.server.npm_deps$make_engine invoke "npm_deps.clj" 32]
  [shadow.cljs.devtools.server.npm_deps$fn__17024$fn__17025 invoke "npm_deps.clj" 46]
  [clojure.lang.Delay deref "Delay.java" 42]
  [clojure.core$deref invokeStatic "core.clj" 2324]
  [clojure.core$deref invoke "core.clj" 2310]
  [shadow.cljs.devtools.server.npm_deps$fn__17024$fn__17027 invoke "npm_deps.clj" 52]
  [shadow.build.targets.browser$check_npm_versions$fn__37414$fn__37415 invoke "browser.clj" 789]
  [clojure.core.protocols$iter_reduce invokeStatic "protocols.clj" 49]
  [clojure.core.protocols$fn__8160 invokeStatic "protocols.clj" 75]
  [clojure.core.protocols$fn__8160 invoke "protocols.clj" 75]
  [clojure.core.protocols$fn__8110$G__8105__8123 invoke "protocols.clj" 13]
  [clojure.core$reduce invokeStatic "core.clj" 6830]
  [clojure.core$reduce invoke "core.clj" 6812]
  [shadow.build.targets.browser$check_npm_versions$fn__37414 invoke "browser.clj" 781]
  [shadow.build.targets.browser$check_npm_versions invokeStatic "browser.clj" 780]
  [shadow.build.targets.browser$check_npm_versions invoke "browser.clj" 762]
  [shadow.build.targets.browser$process invokeStatic "browser.clj" 817]
  [shadow.build.targets.browser$process invoke "browser.clj" 801]
  [clojure.lang.Var invoke "Var.java" 384]
  [shadow.build$process_stage$fn__13969 invoke "build.clj" 143]
  [shadow.build$process_stage invokeStatic "build.clj" 140]
  [shadow.build$process_stage invoke "build.clj" 132]
  [shadow.build$compile invokeStatic "build.clj" 395]
  [shadow.build$compile invoke "build.clj" 384]
  [shadow.cljs.devtools.server.worker.impl$build_compile invokeStatic "impl.clj" 314]
  [shadow.cljs.devtools.server.worker.impl$build_compile invoke "impl.clj" 300]
  [shadow.cljs.devtools.server.worker.impl$eval15137$fn__15139 invoke "impl.clj" 695]
  [clojure.lang.MultiFn invoke "MultiFn.java" 234]
  [shadow.cljs.devtools.server.util$server_thread$fn__14782$fn__14783$fn__14791 invoke "util.clj" 285]
  [shadow.cljs.devtools.server.util$server_thread$fn__14782$fn__14783 invoke "util.clj" 284]
  [shadow.cljs.devtools.server.util$server_thread$fn__14782 invoke "util.clj" 257]
  [clojure.lang.AFn run "AFn.java" 22]
  [java.lang.Thread run "Thread.java" 831]]}]
[:failed-to-compare "^16.14.0" "16.14.0" #error {
 :cause "Cannot invoke \"Object.getClass()\" because \"target\" is null"
 :via
 [{:type java.lang.NullPointerException
   :message "Cannot invoke \"Object.getClass()\" because \"target\" is null"
   :at [clojure.lang.Reflector invokeInstanceMethod "Reflector.java" 97]}]
 :trace
 [[clojure.lang.Reflector invokeInstanceMethod "Reflector.java" 97]
  [shadow.cljs.devtools.server.npm_deps$make_engine invokeStatic "npm_deps.clj" 39]
  [shadow.cljs.devtools.server.npm_deps$make_engine invoke "npm_deps.clj" 32]
  [shadow.cljs.devtools.server.npm_deps$fn__17024$fn__17025 invoke "npm_deps.clj" 46]
  [clojure.lang.Delay deref "Delay.java" 42]
  [clojure.core$deref invokeStatic "core.clj" 2324]
  [clojure.core$deref invoke "core.clj" 2310]
  [shadow.cljs.devtools.server.npm_deps$fn__17024$fn__17027 invoke "npm_deps.clj" 52]
  [shadow.build.targets.browser$check_npm_versions$fn__37414$fn__37415 invoke "browser.clj" 789]
  [clojure.core.protocols$iter_reduce invokeStatic "protocols.clj" 49]
  [clojure.core.protocols$fn__8160 invokeStatic "protocols.clj" 75]
  [clojure.core.protocols$fn__8160 invoke "protocols.clj" 75]
  [clojure.core.protocols$fn__8110$G__8105__8123 invoke "protocols.clj" 13]
  [clojure.core$reduce invokeStatic "core.clj" 6830]
  [clojure.core$reduce invoke "core.clj" 6812]
  [shadow.build.targets.browser$check_npm_versions$fn__37414 invoke "browser.clj" 781]
  [shadow.build.targets.browser$check_npm_versions invokeStatic "browser.clj" 780]
  [shadow.build.targets.browser$check_npm_versions invoke "browser.clj" 762]
  [shadow.build.targets.browser$process invokeStatic "browser.clj" 817]
  [shadow.build.targets.browser$process invoke "browser.clj" 801]
  [clojure.lang.Var invoke "Var.java" 384]
  [shadow.build$process_stage$fn__13969 invoke "build.clj" 143]
  [shadow.build$process_stage invokeStatic "build.clj" 140]
  [shadow.build$process_stage invoke "build.clj" 132]
  [shadow.build$compile invokeStatic "build.clj" 395]
  [shadow.build$compile invoke "build.clj" 384]
  [shadow.cljs.devtools.server.worker.impl$build_compile invokeStatic "impl.clj" 314]
  [shadow.cljs.devtools.server.worker.impl$build_compile invoke "impl.clj" 300]
  [shadow.cljs.devtools.server.worker.impl$eval15137$fn__15139 invoke "impl.clj" 695]
  [clojure.lang.MultiFn invoke "MultiFn.java" 234]
  [shadow.cljs.devtools.server.util$server_thread$fn__14782$fn__14783$fn__14791 invoke "util.clj" 285]
  [shadow.cljs.devtools.server.util$server_thread$fn__14782$fn__14783 invoke "util.clj" 284]
  [shadow.cljs.devtools.server.util$server_thread$fn__14782 invoke "util.clj" 257]
  [clojure.lang.AFn run "AFn.java" 22]
  [java.lang.Thread run "Thread.java" 831]]}]
[:failed-to-compare "^4.1.1" "4.1.1" #error {
 :cause "Cannot invoke \"Object.getClass()\" because \"target\" is null"
 :via
 [{:type java.lang.NullPointerException
   :message "Cannot invoke \"Object.getClass()\" because \"target\" is null"
   :at [clojure.lang.Reflector invokeInstanceMethod "Reflector.java" 97]}]
 :trace
 [[clojure.lang.Reflector invokeInstanceMethod "Reflector.java" 97]
  [shadow.cljs.devtools.server.npm_deps$make_engine invokeStatic "npm_deps.clj" 39]
  [shadow.cljs.devtools.server.npm_deps$make_engine invoke "npm_deps.clj" 32]
  [shadow.cljs.devtools.server.npm_deps$fn__17024$fn__17025 invoke "npm_deps.clj" 46]
  [clojure.lang.Delay deref "Delay.java" 42]
  [clojure.core$deref invokeStatic "core.clj" 2324]
  [clojure.core$deref invoke "core.clj" 2310]
  [shadow.cljs.devtools.server.npm_deps$fn__17024$fn__17027 invoke "npm_deps.clj" 52]
  [shadow.build.targets.browser$check_npm_versions$fn__37414$fn__37415 invoke "browser.clj" 789]
  [clojure.core.protocols$iter_reduce invokeStatic "protocols.clj" 49]
  [clojure.core.protocols$fn__8160 invokeStatic "protocols.clj" 75]
  [clojure.core.protocols$fn__8160 invoke "protocols.clj" 75]
  [clojure.core.protocols$fn__8110$G__8105__8123 invoke "protocols.clj" 13]
  [clojure.core$reduce invokeStatic "core.clj" 6830]
  [clojure.core$reduce invoke "core.clj" 6812]
  [shadow.build.targets.browser$check_npm_versions$fn__37414 invoke "browser.clj" 781]
  [shadow.build.targets.browser$check_npm_versions invokeStatic "browser.clj" 780]
  [shadow.build.targets.browser$check_npm_versions invoke "browser.clj" 762]
  [shadow.build.targets.browser$process invokeStatic "browser.clj" 817]
  [shadow.build.targets.browser$process invoke "browser.clj" 801]
  [clojure.lang.Var invoke "Var.java" 384]
  [shadow.build$process_stage$fn__13969 invoke "build.clj" 143]
  [shadow.build$process_stage invokeStatic "build.clj" 140]
  [shadow.build$process_stage invoke "build.clj" 132]
  [shadow.build$compile invokeStatic "build.clj" 395]
  [shadow.build$compile invoke "build.clj" 384]
  [shadow.cljs.devtools.server.worker.impl$build_compile invokeStatic "impl.clj" 314]
  [shadow.cljs.devtools.server.worker.impl$build_compile invoke "impl.clj" 300]
  [shadow.cljs.devtools.server.worker.impl$eval15137$fn__15139 invoke "impl.clj" 695]
  [clojure.lang.MultiFn invoke "MultiFn.java" 234]
  [shadow.cljs.devtools.server.util$server_thread$fn__14782$fn__14783$fn__14791 invoke "util.clj" 285]
  [shadow.cljs.devtools.server.util$server_thread$fn__14782$fn__14783 invoke "util.clj" 284]
  [shadow.cljs.devtools.server.util$server_thread$fn__14782 invoke "util.clj" 257]
  [clojure.lang.AFn run "AFn.java" 22]
  [java.lang.Thread run "Thread.java" 831]]}]
[:failed-to-compare "^4.1.1" "4.1.1" #error {
 :cause "Cannot invoke \"Object.getClass()\" because \"target\" is null"
 :via
 [{:type java.lang.NullPointerException
   :message "Cannot invoke \"Object.getClass()\" because \"target\" is null"
   :at [clojure.lang.Reflector invokeInstanceMethod "Reflector.java" 97]}]
 :trace
 [[clojure.lang.Reflector invokeInstanceMethod "Reflector.java" 97]
  [shadow.cljs.devtools.server.npm_deps$make_engine invokeStatic "npm_deps.clj" 39]
  [shadow.cljs.devtools.server.npm_deps$make_engine invoke "npm_deps.clj" 32]
  [shadow.cljs.devtools.server.npm_deps$fn__17024$fn__17025 invoke "npm_deps.clj" 46]
  [clojure.lang.Delay deref "Delay.java" 42]
  [clojure.core$deref invokeStatic "core.clj" 2324]
  [clojure.core$deref invoke "core.clj" 2310]
  [shadow.cljs.devtools.server.npm_deps$fn__17024$fn__17027 invoke "npm_deps.clj" 52]
  [shadow.build.targets.browser$check_npm_versions$fn__37414$fn__37415 invoke "browser.clj" 789]
  [clojure.core.protocols$iter_reduce invokeStatic "protocols.clj" 49]
  [clojure.core.protocols$fn__8160 invokeStatic "protocols.clj" 75]
  [clojure.core.protocols$fn__8160 invoke "protocols.clj" 75]
  [clojure.core.protocols$fn__8110$G__8105__8123 invoke "protocols.clj" 13]
  [clojure.core$reduce invokeStatic "core.clj" 6830]
  [clojure.core$reduce invoke "core.clj" 6812]
  [shadow.build.targets.browser$check_npm_versions$fn__37414 invoke "browser.clj" 781]
  [shadow.build.targets.browser$check_npm_versions invokeStatic "browser.clj" 780]
  [shadow.build.targets.browser$check_npm_versions invoke "browser.clj" 762]
  [shadow.build.targets.browser$process invokeStatic "browser.clj" 817]
  [shadow.build.targets.browser$process invoke "browser.clj" 801]
  [clojure.lang.Var invoke "Var.java" 384]
  [shadow.build$process_stage$fn__13969 invoke "build.clj" 143]
  [shadow.build$process_stage invokeStatic "build.clj" 140]
  [shadow.build$process_stage invoke "build.clj" 132]
  [shadow.build$compile invokeStatic "build.clj" 395]
  [shadow.build$compile invoke "build.clj" 384]
  [shadow.cljs.devtools.server.worker.impl$build_compile invokeStatic "impl.clj" 314]
  [shadow.cljs.devtools.server.worker.impl$build_compile invoke "impl.clj" 300]
  [shadow.cljs.devtools.server.worker.impl$eval15137$fn__15139 invoke "impl.clj" 695]
  [clojure.lang.MultiFn invoke "MultiFn.java" 234]
  [shadow.cljs.devtools.server.util$server_thread$fn__14782$fn__14783$fn__14791 invoke "util.clj" 285]
  [shadow.cljs.devtools.server.util$server_thread$fn__14782$fn__14783 invoke "util.clj" 284]
  [shadow.cljs.devtools.server.util$server_thread$fn__14782 invoke "util.clj" 257]
  [clojure.lang.AFn run "AFn.java" 22]
  [java.lang.Thread run "Thread.java" 831]]}]
[:failed-to-compare "^15.6.2" "15.7.2" #error {
 :cause "Cannot invoke \"Object.getClass()\" because \"target\" is null"
 :via
 [{:type java.lang.NullPointerException
   :message "Cannot invoke \"Object.getClass()\" because \"target\" is null"
   :at [clojure.lang.Reflector invokeInstanceMethod "Reflector.java" 97]}]
 :trace
 [[clojure.lang.Reflector invokeInstanceMethod "Reflector.java" 97]
  [shadow.cljs.devtools.server.npm_deps$make_engine invokeStatic "npm_deps.clj" 39]
  [shadow.cljs.devtools.server.npm_deps$make_engine invoke "npm_deps.clj" 32]
  [shadow.cljs.devtools.server.npm_deps$fn__17024$fn__17025 invoke "npm_deps.clj" 46]
  [clojure.lang.Delay deref "Delay.java" 42]
  [clojure.core$deref invokeStatic "core.clj" 2324]
  [clojure.core$deref invoke "core.clj" 2310]
  [shadow.cljs.devtools.server.npm_deps$fn__17024$fn__17027 invoke "npm_deps.clj" 52]
  [shadow.build.targets.browser$check_npm_versions$fn__37414$fn__37415 invoke "browser.clj" 789]
  [clojure.core.protocols$iter_reduce invokeStatic "protocols.clj" 49]
  [clojure.core.protocols$fn__8160 invokeStatic "protocols.clj" 75]
  [clojure.core.protocols$fn__8160 invoke "protocols.clj" 75]
  [clojure.core.protocols$fn__8110$G__8105__8123 invoke "protocols.clj" 13]
  [clojure.core$reduce invokeStatic "core.clj" 6830]
  [clojure.core$reduce invoke "core.clj" 6812]
  [shadow.build.targets.browser$check_npm_versions$fn__37414 invoke "browser.clj" 781]
  [shadow.build.targets.browser$check_npm_versions invokeStatic "browser.clj" 780]
  [shadow.build.targets.browser$check_npm_versions invoke "browser.clj" 762]
  [shadow.build.targets.browser$process invokeStatic "browser.clj" 817]
  [shadow.build.targets.browser$process invoke "browser.clj" 801]
  [clojure.lang.Var invoke "Var.java" 384]
  [shadow.build$process_stage$fn__13969 invoke "build.clj" 143]
  [shadow.build$process_stage invokeStatic "build.clj" 140]
  [shadow.build$process_stage invoke "build.clj" 132]
  [shadow.build$compile invokeStatic "build.clj" 395]
  [shadow.build$compile invoke "build.clj" 384]
  [shadow.cljs.devtools.server.worker.impl$build_compile invokeStatic "impl.clj" 314]
  [shadow.cljs.devtools.server.worker.impl$build_compile invoke "impl.clj" 300]
  [shadow.cljs.devtools.server.worker.impl$eval15137$fn__15139 invoke "impl.clj" 695]
  [clojure.lang.MultiFn invoke "MultiFn.java" 234]
  [shadow.cljs.devtools.server.util$server_thread$fn__14782$fn__14783$fn__14791 invoke "util.clj" 285]
  [shadow.cljs.devtools.server.util$server_thread$fn__14782$fn__14783 invoke "util.clj" 284]
  [shadow.cljs.devtools.server.util$server_thread$fn__14782 invoke "util.clj" 257]
  [clojure.lang.AFn run "AFn.java" 22]
  [java.lang.Thread run "Thread.java" 831]]}]
[:failed-to-compare "^4.1.1" "4.1.1" #error {
 :cause "Cannot invoke \"Object.getClass()\" because \"target\" is null"
 :via
 [{:type java.lang.NullPointerException
   :message "Cannot invoke \"Object.getClass()\" because \"target\" is null"
   :at [clojure.lang.Reflector invokeInstanceMethod "Reflector.java" 97]}]
 :trace
 [[clojure.lang.Reflector invokeInstanceMethod "Reflector.java" 97]
  [shadow.cljs.devtools.server.npm_deps$make_engine invokeStatic "npm_deps.clj" 39]
  [shadow.cljs.devtools.server.npm_deps$make_engine invoke "npm_deps.clj" 32]
  [shadow.cljs.devtools.server.npm_deps$fn__17024$fn__17025 invoke "npm_deps.clj" 46]
  [clojure.lang.Delay deref "Delay.java" 42]
  [clojure.core$deref invokeStatic "core.clj" 2324]
  [clojure.core$deref invoke "core.clj" 2310]
  [shadow.cljs.devtools.server.npm_deps$fn__17024$fn__17027 invoke "npm_deps.clj" 52]
  [shadow.build.targets.browser$check_npm_versions$fn__37414$fn__37415 invoke "browser.clj" 789]
  [clojure.core.protocols$iter_reduce invokeStatic "protocols.clj" 49]
  [clojure.core.protocols$fn__8160 invokeStatic "protocols.clj" 75]
  [clojure.core.protocols$fn__8160 invoke "protocols.clj" 75]
  [clojure.core.protocols$fn__8110$G__8105__8123 invoke "protocols.clj" 13]
  [clojure.core$reduce invokeStatic "core.clj" 6830]
  [clojure.core$reduce invoke "core.clj" 6812]
  [shadow.build.targets.browser$check_npm_versions$fn__37414 invoke "browser.clj" 781]
  [shadow.build.targets.browser$check_npm_versions invokeStatic "browser.clj" 780]
  [shadow.build.targets.browser$check_npm_versions invoke "browser.clj" 762]
  [shadow.build.targets.browser$process invokeStatic "browser.clj" 817]
  [shadow.build.targets.browser$process invoke "browser.clj" 801]
  [clojure.lang.Var invoke "Var.java" 384]
  [shadow.build$process_stage$fn__13969 invoke "build.clj" 143]
  [shadow.build$process_stage invokeStatic "build.clj" 140]
  [shadow.build$process_stage invoke "build.clj" 132]
  [shadow.build$compile invokeStatic "build.clj" 395]
  [shadow.build$compile invoke "build.clj" 384]
  [shadow.cljs.devtools.server.worker.impl$build_compile invokeStatic "impl.clj" 314]
  [shadow.cljs.devtools.server.worker.impl$build_compile invoke "impl.clj" 300]
  [shadow.cljs.devtools.server.worker.impl$eval15137$fn__15139 invoke "impl.clj" 695]
  [clojure.lang.MultiFn invoke "MultiFn.java" 234]
  [shadow.cljs.devtools.server.util$server_thread$fn__14782$fn__14783$fn__14791 invoke "util.clj" 285]
  [shadow.cljs.devtools.server.util$server_thread$fn__14782$fn__14783 invoke "util.clj" 284]
  [shadow.cljs.devtools.server.util$server_thread$fn__14782 invoke "util.clj" 257]
  [clojure.lang.AFn run "AFn.java" 22]
  [java.lang.Thread run "Thread.java" 831]]}]
